<?xml version="1.0" encoding="UTF-8"?>
<!-- Generated by org.testng.reporters.JUnitXMLReporter -->
<testsuite hostname="DESKTOP-GG15ICR" ignored="0" name="Test" tests="4" failures="0" timestamp="25 Sep 2018 14:23:53 GMT" time="106.989" errors="0">
  <testcase name="testValidLoginLogout" time="20.261" classname="com.actitime.tests.ValidLoginLogout"/>
  <testcase name="testInvalidLogin" time="12.826" classname="com.actitime.tests.InvalidLoginTest"/>
  <testcase name="testVerifyVersionTest" time="0.207" classname="com.actitime.tests.VerifyVersionTest"/>
  <testcase name="testVerifyBuild" time="8.662" classname="com.actitime.tests.VerifyBuildTest"/>
</testsuite> <!-- Test -->
